[09:25:08] {/home/pi/Javi/javi_start.py:20} DEBUG - Running thread 0
[09:25:08] {/home/pi/Javi/javi_start.py:20} DEBUG - Running thread 1
[09:25:08] {/home/pi/Javi/javi_start.py:28} DEBUG - Running: fire_sent.py
[09:25:09] {/home/pi/Javi/javi_start.py:24} DEBUG - Running: db_local.py
[09:25:16] {/usr/local/lib/python3.5/dist-packages/requests/packages/urllib3/util/retry.py:170} DEBUG - Converted retries value: 3 -> Retry(total=3, connect=None, read=None, redirect=None)
[09:25:16] {/home/pi/Javi/db_local.py:203} DEBUG - start tracking function; 
[09:25:16] {/home/pi/Javi/db_local.py:58} DEBUG - start LED module control
[09:25:16] {/home/pi/Javi/db_local.py:115} DEBUG - start LED stream
[09:25:16] {/usr/local/lib/python3.5/dist-packages/oauth2client/crypt.py:100} DEBUG - [b'eyJraWQiOiI4OGMxNWVkM2JjODE3YWQxNzRlYTM4MmMxNDJmNmVlMmE5NjlkYzBmIiwiYWxnIjoiUlMyNTYiLCJ0eXAiOiJKV1QifQ', b'eyJpc3MiOiJmaXJlYmFzZS1hZG1pbnNkay0wbDIwcUBqYXZpLTllODc4LmlhbS5nc2VydmljZWFjY291bnQuY29tIiwiaWF0IjoxNTI0MTkxMTE2LCJleHAiOjE1MjQxOTQ3MTYsInNjb3BlIjoiaHR0cHM6Ly93d3cuZ29vZ2xlYXBpcy5jb20vYXV0aC9maXJlYmFzZS5kYXRhYmFzZSBodHRwczovL3d3dy5nb29nbGVhcGlzLmNvbS9hdXRoL3VzZXJpbmZvLmVtYWlsIGh0dHBzOi8vd3d3Lmdvb2dsZWFwaXMuY29tL2F1dGgvY2xvdWQtcGxhdGZvcm0iLCJhdWQiOiJodHRwczovL2FjY291bnRzLmdvb2dsZS5jb20vby9vYXV0aDIvdG9rZW4ifQ', b'sz-ReHmhNtXEE_zxmdi2mSM9BfVHXLBED33qnzWoTzaDk8a4TF0NWCYlnjLQeQmQ3_giyT3TH-mtu7mQWgeMIG4U10xdm3Xig4PaDQhb1WGuZNrnc9rDe3gm-J_LggszA8HSjrGh6SV6N67gUV8XKIgFj1-lCwAyj-aNmlcpesJ9DuR1oWAnYEvPq7lE7vds-_lWt_84Nu8_90r4KvGuxKb2HojtnRh3rR_rAwvvJVOGDN9SZ5IuDammcCVbjp_LTQEnKDLRhJS1ZjjgT5p064EAIAjIXl2T5lVT81h73qeHYy8_osXOBuOn4BFqgKrbIlOzb1DyY5p8tB1zOEkINA']
[09:25:16] {/usr/local/lib/python3.5/dist-packages/oauth2client/client.py:795} INFO - Refreshing access_token
[09:25:27] {/usr/local/lib/python3.5/dist-packages/requests/packages/urllib3/connectionpool.py:805} INFO - Starting new HTTPS connection (1): javi-9e878.firebaseio.com
[09:25:34] {/usr/local/lib/python3.5/dist-packages/requests/packages/urllib3/connectionpool.py:401} DEBUG - "GET /leds/0/status.json HTTP/1.1" 200 None
[09:25:34] {/home/pi/Javi/db_local.py:119} DEBUG - LED new value: 1
[09:25:34] {/home/pi/Javi/db_local.py:64} DEBUG - Sending to serial: AL0onB
[09:25:34] {/home/pi/Javi/db_local.py:223} DEBUG - Led output: AL0onB
[09:25:34] {/home/pi/Javi/db_local.py:210} DEBUG - data: L0on
[09:25:34] {/home/pi/Javi/db_local.py:214} DEBUG - Led receiced status
[09:25:34] {/home/pi/Javi/db_local.py:77} DEBUG - received data: L0on
[09:25:34] {/home/pi/Javi/db_local.py:111} DEBUG - done!!!
[09:25:40] {/home/pi/Javi/db_local.py:119} DEBUG - LED new value: 0
[09:25:40] {/home/pi/Javi/db_local.py:64} DEBUG - Sending to serial: AL0offB
[09:25:40] {/home/pi/Javi/db_local.py:223} DEBUG - Led output: AL0offB
[09:25:40] {/home/pi/Javi/db_local.py:210} DEBUG - data: L0off
[09:25:40] {/home/pi/Javi/db_local.py:214} DEBUG - Led receiced status
[09:25:40] {/home/pi/Javi/db_local.py:77} DEBUG - received data: L0off
[09:25:40] {/home/pi/Javi/db_local.py:111} DEBUG - done!!!
[09:25:49] {/home/pi/Javi/db_local.py:119} DEBUG - LED new value: 1
[09:25:49] {/home/pi/Javi/db_local.py:64} DEBUG - Sending to serial: AL0onB
[09:25:50] {/home/pi/Javi/db_local.py:223} DEBUG - Led output: AL0onB
[09:25:50] {/home/pi/Javi/db_local.py:210} DEBUG - data: L0on
[09:25:50] {/home/pi/Javi/db_local.py:214} DEBUG - Led receiced status
[09:25:50] {/home/pi/Javi/db_local.py:77} DEBUG - received data: L0on
[09:25:50] {/home/pi/Javi/db_local.py:111} DEBUG - done!!!
[09:25:53] {/home/pi/Javi/db_local.py:119} DEBUG - LED new value: 0
[09:25:53] {/home/pi/Javi/db_local.py:64} DEBUG - Sending to serial: AL0offB
[09:25:53] {/home/pi/Javi/db_local.py:223} DEBUG - Led output: AL0offB
[09:25:53] {/home/pi/Javi/db_local.py:210} DEBUG - data: L0off
[09:25:53] {/home/pi/Javi/db_local.py:214} DEBUG - Led receiced status
[09:25:53] {/home/pi/Javi/db_local.py:77} DEBUG - received data: L0off
[09:25:53] {/home/pi/Javi/db_local.py:111} DEBUG - done!!!
[09:25:55] {/home/pi/Javi/db_local.py:119} DEBUG - LED new value: 1
[09:25:55] {/home/pi/Javi/db_local.py:64} DEBUG - Sending to serial: AL0onB
[09:25:55] {/home/pi/Javi/db_local.py:223} DEBUG - Led output: AL0onB
[09:25:55] {/home/pi/Javi/db_local.py:210} DEBUG - data: L0on
[09:25:55] {/home/pi/Javi/db_local.py:214} DEBUG - Led receiced status
[09:25:55] {/home/pi/Javi/db_local.py:77} DEBUG - received data: L0on
[09:25:55] {/home/pi/Javi/db_local.py:111} DEBUG - done!!!
[09:26:00] {/home/pi/Javi/db_local.py:119} DEBUG - LED new value: 0
[09:26:00] {/home/pi/Javi/db_local.py:64} DEBUG - Sending to serial: AL0offB
[09:26:00] {/home/pi/Javi/db_local.py:223} DEBUG - Led output: AL0offB
[09:26:01] {/home/pi/Javi/db_local.py:210} DEBUG - data: L0off
[09:26:01] {/home/pi/Javi/db_local.py:214} DEBUG - Led receiced status
[09:26:01] {/home/pi/Javi/db_local.py:77} DEBUG - received data: L0off
[09:26:01] {/home/pi/Javi/db_local.py:111} DEBUG - done!!!
[09:26:02] {/home/pi/Javi/db_local.py:119} DEBUG - LED new value: 1
[09:26:02] {/home/pi/Javi/db_local.py:64} DEBUG - Sending to serial: AL0onB
[09:26:03] {/home/pi/Javi/db_local.py:223} DEBUG - Led output: AL0onB
[09:26:03] {/home/pi/Javi/db_local.py:210} DEBUG - data: L0on
[09:26:03] {/home/pi/Javi/db_local.py:214} DEBUG - Led receiced status
[09:26:03] {/home/pi/Javi/db_local.py:77} DEBUG - received data: L0on
[09:26:03] {/home/pi/Javi/db_local.py:111} DEBUG - done!!!
[09:38:39] {javi_start.py:20} DEBUG - Running thread 0
[09:38:39] {javi_start.py:20} DEBUG - Running thread 1
[09:38:39] {javi_start.py:28} DEBUG - Running: fire_sent.py
[09:38:40] {javi_start.py:24} DEBUG - Running: db_local.py
[09:38:44] {/usr/local/lib/python3.5/dist-packages/requests/packages/urllib3/util/retry.py:170} DEBUG - Converted retries value: 3 -> Retry(total=3, connect=None, read=None, redirect=None)
[09:38:44] {/home/pi/Javi/db_local.py:203} DEBUG - start tracking function; 
[09:38:44] {/home/pi/Javi/db_local.py:58} DEBUG - start LED module control
[09:38:44] {/home/pi/Javi/db_local.py:115} DEBUG - start LED stream
[09:38:44] {/usr/local/lib/python3.5/dist-packages/oauth2client/crypt.py:100} DEBUG - [b'eyJ0eXAiOiJKV1QiLCJhbGciOiJSUzI1NiIsImtpZCI6Ijg4YzE1ZWQzYmM4MTdhZDE3NGVhMzgyYzE0MmY2ZWUyYTk2OWRjMGYifQ', b'eyJhdWQiOiJodHRwczovL2FjY291bnRzLmdvb2dsZS5jb20vby9vYXV0aDIvdG9rZW4iLCJpYXQiOjE1MjQxOTE5MjQsInNjb3BlIjoiaHR0cHM6Ly93d3cuZ29vZ2xlYXBpcy5jb20vYXV0aC9maXJlYmFzZS5kYXRhYmFzZSBodHRwczovL3d3dy5nb29nbGVhcGlzLmNvbS9hdXRoL3VzZXJpbmZvLmVtYWlsIGh0dHBzOi8vd3d3Lmdvb2dsZWFwaXMuY29tL2F1dGgvY2xvdWQtcGxhdGZvcm0iLCJleHAiOjE1MjQxOTU1MjQsImlzcyI6ImZpcmViYXNlLWFkbWluc2RrLTBsMjBxQGphdmktOWU4NzguaWFtLmdzZXJ2aWNlYWNjb3VudC5jb20ifQ', b'LodfOrw8ze51vRGgX9Vgc_IBuRMvoDjF7XNNBnmly3nTrXvAUKJdYA1qiL5E5DnPBYuOKe-Ze71IBZDgPK3H-fcXSlnhjl8iNkudG1ASF9JQnjE3hLB0_ruoBkFUzEHxVAflwZOzfS_TvOxB5HC66Y2JGW7ivnliD6aeX7y0nOMJf0eswAT__Zv0EvDeYM_VOJJPUNzNBcYtJG8zYFy9QfPzxO6Kn3euq-CB1mSRUru-fvrH8pVy0L5f30jEi7_hdRA-r47OtEybaBjyOYIxm8PsteIq3ZqFXnVxry2SoqoimidmosuCtvSG51Xxt5LULM3r2pmAQEvX1aKHqpQpag']
[09:38:44] {/usr/local/lib/python3.5/dist-packages/oauth2client/client.py:795} INFO - Refreshing access_token
[09:38:55] {/usr/local/lib/python3.5/dist-packages/requests/packages/urllib3/connectionpool.py:805} INFO - Starting new HTTPS connection (1): javi-9e878.firebaseio.com
[09:39:02] {/usr/local/lib/python3.5/dist-packages/requests/packages/urllib3/connectionpool.py:401} DEBUG - "GET /leds/0/status.json HTTP/1.1" 200 None
[09:39:02] {/home/pi/Javi/db_local.py:119} DEBUG - LED new value: 1
[09:39:02] {/home/pi/Javi/db_local.py:64} DEBUG - Sending to serial: AL0onB
[09:39:02] {/home/pi/Javi/db_local.py:223} DEBUG - Led output: AL0onB
[09:39:02] {/home/pi/Javi/db_local.py:210} DEBUG - data: L0on
[09:39:02] {/home/pi/Javi/db_local.py:214} DEBUG - Led receiced status
[09:39:03] {/home/pi/Javi/db_local.py:100} DEBUG - switch led again with value: 0on
[09:39:03] {/home/pi/Javi/db_local.py:64} DEBUG - Sending to serial: AL0onB
[09:39:04] {/home/pi/Javi/db_local.py:100} DEBUG - switch led again with value: 0on
[09:39:04] {/home/pi/Javi/db_local.py:64} DEBUG - Sending to serial: AL0onB
[09:39:05] {/home/pi/Javi/db_local.py:100} DEBUG - switch led again with value: 0on
[09:39:05] {/home/pi/Javi/db_local.py:64} DEBUG - Sending to serial: AL0onB
[09:39:06] {/home/pi/Javi/db_local.py:100} DEBUG - switch led again with value: 0on
[09:39:06] {/home/pi/Javi/db_local.py:64} DEBUG - Sending to serial: AL0onB
[09:39:07] {/home/pi/Javi/db_local.py:100} DEBUG - switch led again with value: 0on
[09:39:07] {/home/pi/Javi/db_local.py:64} DEBUG - Sending to serial: AL0onB
[09:39:07] {/home/pi/Javi/db_local.py:106} DEBUG - Error connection, Do not try again
[09:39:07] {/home/pi/Javi/db_local.py:111} DEBUG - done!!!
[09:41:21] {javi_start.py:20} DEBUG - Running thread 0
[09:41:21] {javi_start.py:20} DEBUG - Running thread 1
[09:41:21] {javi_start.py:28} DEBUG - Running: fire_sent.py
[09:41:22] {javi_start.py:24} DEBUG - Running: db_local.py
[09:41:26] {/usr/local/lib/python3.5/dist-packages/requests/packages/urllib3/util/retry.py:170} DEBUG - Converted retries value: 3 -> Retry(total=3, connect=None, read=None, redirect=None)
[09:41:26] {/home/pi/Javi/db_local.py:203} DEBUG - start tracking function; 
[09:41:26] {/home/pi/Javi/db_local.py:58} DEBUG - start LED module control
[09:41:26] {/home/pi/Javi/db_local.py:115} DEBUG - start LED stream
[09:41:26] {/usr/local/lib/python3.5/dist-packages/oauth2client/crypt.py:100} DEBUG - [b'eyJ0eXAiOiJKV1QiLCJraWQiOiI4OGMxNWVkM2JjODE3YWQxNzRlYTM4MmMxNDJmNmVlMmE5NjlkYzBmIiwiYWxnIjoiUlMyNTYifQ', b'eyJpYXQiOjE1MjQxOTIwODYsImV4cCI6MTUyNDE5NTY4NiwiYXVkIjoiaHR0cHM6Ly9hY2NvdW50cy5nb29nbGUuY29tL28vb2F1dGgyL3Rva2VuIiwic2NvcGUiOiJodHRwczovL3d3dy5nb29nbGVhcGlzLmNvbS9hdXRoL2ZpcmViYXNlLmRhdGFiYXNlIGh0dHBzOi8vd3d3Lmdvb2dsZWFwaXMuY29tL2F1dGgvdXNlcmluZm8uZW1haWwgaHR0cHM6Ly93d3cuZ29vZ2xlYXBpcy5jb20vYXV0aC9jbG91ZC1wbGF0Zm9ybSIsImlzcyI6ImZpcmViYXNlLWFkbWluc2RrLTBsMjBxQGphdmktOWU4NzguaWFtLmdzZXJ2aWNlYWNjb3VudC5jb20ifQ', b'FE6g5PLi_6TrF0LF7uj7MT4iHpIm38PNRghGxDQ9hL6rdjzV6fPP1gOkUOeZFcH25KhCJlFDkjrjlmOQpq-xe26MDolBNmLj6CO9S24tI8Ukr-8r7udfNo_iKZTDwhDkcGPQ0Cr1R4dFHOUsRsIdS_743isuJ8wyFeO72He79HyKt2Xo7-Cfg4cGC6iWgxJGvr5zs9pr0nL7boVPbY3sM-zi3tK8lOsrDX8GuN42XpRDsx4l6_iRx6ETQ2OOEJVO3zx1ZPxVWy5N97NSpFGadPflUQeLbTMvSK5XqW6_b0FnMPg0oYKA5bPLH5bsNth2NY6yOD9F6BV_6fCB0jjM0w']
[09:41:26] {/usr/local/lib/python3.5/dist-packages/oauth2client/client.py:795} INFO - Refreshing access_token
[09:41:37] {/usr/local/lib/python3.5/dist-packages/requests/packages/urllib3/connectionpool.py:805} INFO - Starting new HTTPS connection (1): javi-9e878.firebaseio.com
[09:41:43] {/usr/local/lib/python3.5/dist-packages/requests/packages/urllib3/connectionpool.py:401} DEBUG - "GET /leds/0/status.json HTTP/1.1" 200 None
[09:41:43] {/home/pi/Javi/db_local.py:119} DEBUG - LED new value: 1
[09:41:43] {/home/pi/Javi/db_local.py:64} DEBUG - Sending to serial: AL0onB
[09:41:44] {/home/pi/Javi/db_local.py:223} DEBUG - Led output: AL0onB
[09:41:44] {/home/pi/Javi/db_local.py:210} DEBUG - data: L0on
[09:41:44] {/home/pi/Javi/db_local.py:214} DEBUG - Led receiced status
[09:41:44] {/home/pi/Javi/db_local.py:77} DEBUG - received data: L0on
[09:41:44] {/home/pi/Javi/db_local.py:111} DEBUG - done!!!
[09:42:02] {/home/pi/Javi/db_local.py:119} DEBUG - LED new value: 0
[09:42:02] {/home/pi/Javi/db_local.py:64} DEBUG - Sending to serial: AL0offB
[09:42:03] {/home/pi/Javi/db_local.py:223} DEBUG - Led output: AL0offB
[09:42:03] {/home/pi/Javi/db_local.py:210} DEBUG - data: L0off
[09:42:03] {/home/pi/Javi/db_local.py:214} DEBUG - Led receiced status
[09:42:03] {/home/pi/Javi/db_local.py:77} DEBUG - received data: L0off
[09:42:03] {/home/pi/Javi/db_local.py:111} DEBUG - done!!!
[09:42:05] {/home/pi/Javi/db_local.py:119} DEBUG - LED new value: 1
[09:42:05] {/home/pi/Javi/db_local.py:64} DEBUG - Sending to serial: AL0onB
[09:42:06] {/home/pi/Javi/db_local.py:223} DEBUG - Led output: AL0onB
[09:42:06] {/home/pi/Javi/db_local.py:210} DEBUG - data: L0on
[09:42:06] {/home/pi/Javi/db_local.py:214} DEBUG - Led receiced status
[09:42:06] {/home/pi/Javi/db_local.py:77} DEBUG - received data: L0on
[09:42:06] {/home/pi/Javi/db_local.py:111} DEBUG - done!!!
[09:42:08] {/home/pi/Javi/db_local.py:119} DEBUG - LED new value: 0
[09:42:08] {/home/pi/Javi/db_local.py:64} DEBUG - Sending to serial: AL0offB
[09:42:08] {/home/pi/Javi/db_local.py:223} DEBUG - Led output: AL0offB
[09:42:08] {/home/pi/Javi/db_local.py:210} DEBUG - data: L0off
[09:42:08] {/home/pi/Javi/db_local.py:214} DEBUG - Led receiced status
[09:42:08] {/home/pi/Javi/db_local.py:77} DEBUG - received data: L0off
[09:42:08] {/home/pi/Javi/db_local.py:111} DEBUG - done!!!
[09:42:10] {/home/pi/Javi/db_local.py:119} DEBUG - LED new value: 1
[09:42:10] {/home/pi/Javi/db_local.py:64} DEBUG - Sending to serial: AL0onB
[09:42:10] {/home/pi/Javi/db_local.py:223} DEBUG - Led output: AL0onB
[09:42:10] {/home/pi/Javi/db_local.py:210} DEBUG - data: L0on
[09:42:10] {/home/pi/Javi/db_local.py:214} DEBUG - Led receiced status
[09:42:10] {/home/pi/Javi/db_local.py:77} DEBUG - received data: L0on
[09:42:10] {/home/pi/Javi/db_local.py:111} DEBUG - done!!!
[09:42:19] {/home/pi/Javi/db_local.py:119} DEBUG - LED new value: 0
[09:42:19] {/home/pi/Javi/db_local.py:64} DEBUG - Sending to serial: AL0offB
[09:42:19] {/home/pi/Javi/db_local.py:223} DEBUG - Led output: AL0offB
[09:42:20] {/home/pi/Javi/db_local.py:210} DEBUG - data: L0off
[09:42:20] {/home/pi/Javi/db_local.py:214} DEBUG - Led receiced status
[09:42:20] {/home/pi/Javi/db_local.py:77} DEBUG - received data: L0off
[09:42:20] {/home/pi/Javi/db_local.py:111} DEBUG - done!!!
[09:42:21] {/home/pi/Javi/db_local.py:119} DEBUG - LED new value: 1
[09:42:21] {/home/pi/Javi/db_local.py:64} DEBUG - Sending to serial: AL0onB
[09:42:22] {/home/pi/Javi/db_local.py:223} DEBUG - Led output: AL0onB
[09:42:22] {/home/pi/Javi/db_local.py:100} DEBUG - switch led again with value: 0on
[09:42:22] {/home/pi/Javi/db_local.py:64} DEBUG - Sending to serial: AL0onB
[09:42:22] {/home/pi/Javi/db_local.py:210} DEBUG - data: L0on
[09:42:22] {/home/pi/Javi/db_local.py:214} DEBUG - Led receiced status
[09:42:22] {/home/pi/Javi/db_local.py:77} DEBUG - received data: L0on
[09:42:22] {/home/pi/Javi/db_local.py:223} DEBUG - Led output: AL0onB
[09:42:22] {/home/pi/Javi/db_local.py:111} DEBUG - done!!!
[09:42:22] {/home/pi/Javi/db_local.py:210} DEBUG - data: L0on
[09:42:22] {/home/pi/Javi/db_local.py:214} DEBUG - Led receiced status
[09:42:23] {/home/pi/Javi/db_local.py:119} DEBUG - LED new value: 0
[09:42:23] {/home/pi/Javi/db_local.py:64} DEBUG - Sending to serial: AL0offB
[09:42:23] {/home/pi/Javi/db_local.py:77} DEBUG - received data: L0on
[09:42:23] {/home/pi/Javi/db_local.py:223} DEBUG - Led output: AL0offB
[09:42:23] {/home/pi/Javi/db_local.py:210} DEBUG - data: L0off
[09:42:23] {/home/pi/Javi/db_local.py:214} DEBUG - Led receiced status
[09:42:23] {/home/pi/Javi/db_local.py:77} DEBUG - received data: L0off
[09:42:23] {/home/pi/Javi/db_local.py:111} DEBUG - done!!!
[09:42:24] {/home/pi/Javi/db_local.py:119} DEBUG - LED new value: 1
[09:42:24] {/home/pi/Javi/db_local.py:64} DEBUG - Sending to serial: AL0onB
[09:42:24] {/home/pi/Javi/db_local.py:223} DEBUG - Led output: AL0onB
[09:42:24] {/home/pi/Javi/db_local.py:210} DEBUG - data: L0on
[09:42:24] {/home/pi/Javi/db_local.py:214} DEBUG - Led receiced status
[09:42:24] {/home/pi/Javi/db_local.py:77} DEBUG - received data: L0on
[09:42:24] {/home/pi/Javi/db_local.py:111} DEBUG - done!!!
[09:43:21] {/home/pi/Javi/db_local.py:119} DEBUG - LED new value: 0
[09:43:21] {/home/pi/Javi/db_local.py:64} DEBUG - Sending to serial: AL0offB
[09:43:21] {/home/pi/Javi/db_local.py:223} DEBUG - Led output: AL0offB
[09:43:21] {/home/pi/Javi/db_local.py:210} DEBUG - data: L0off
[09:43:21] {/home/pi/Javi/db_local.py:214} DEBUG - Led receiced status
[09:43:21] {/home/pi/Javi/db_local.py:77} DEBUG - received data: L0off
[09:43:21] {/home/pi/Javi/db_local.py:111} DEBUG - done!!!
[09:43:25] {/home/pi/Javi/db_local.py:119} DEBUG - LED new value: 1
[09:43:25] {/home/pi/Javi/db_local.py:64} DEBUG - Sending to serial: AL0onB
[09:43:25] {/home/pi/Javi/db_local.py:223} DEBUG - Led output: AL0onB
[09:43:26] {/home/pi/Javi/db_local.py:210} DEBUG - data: L0on
[09:43:26] {/home/pi/Javi/db_local.py:214} DEBUG - Led receiced status
[09:43:26] {/home/pi/Javi/db_local.py:77} DEBUG - received data: L0on
[09:43:26] {/home/pi/Javi/db_local.py:111} DEBUG - done!!!
[09:47:00] {/home/pi/Javi/db_local.py:119} DEBUG - LED new value: 0
[09:47:00] {/home/pi/Javi/db_local.py:64} DEBUG - Sending to serial: AL0offB
[09:47:01] {/home/pi/Javi/db_local.py:223} DEBUG - Led output: AL0offB
[09:47:01] {/home/pi/Javi/db_local.py:210} DEBUG - data: L0off
[09:47:01] {/home/pi/Javi/db_local.py:214} DEBUG - Led receiced status
[09:47:01] {/home/pi/Javi/db_local.py:77} DEBUG - received data: L0off
[09:47:01] {/home/pi/Javi/db_local.py:111} DEBUG - done!!!
[09:49:26] {javi_start.py:20} DEBUG - Running thread 0
[09:49:26] {javi_start.py:20} DEBUG - Running thread 1
[09:49:26] {javi_start.py:28} DEBUG - Running: fire_sent.py
[09:49:27] {javi_start.py:24} DEBUG - Running: db_local.py
[09:49:34] {/usr/local/lib/python3.5/dist-packages/requests/packages/urllib3/util/retry.py:170} DEBUG - Converted retries value: 3 -> Retry(total=3, connect=None, read=None, redirect=None)
[09:49:34] {/home/pi/Javi/db_local.py:203} DEBUG - start tracking function; 
[09:49:34] {/home/pi/Javi/db_local.py:58} DEBUG - start LED module control
[09:49:34] {/home/pi/Javi/db_local.py:115} DEBUG - start LED stream
[09:49:34] {/usr/local/lib/python3.5/dist-packages/oauth2client/crypt.py:100} DEBUG - [b'eyJhbGciOiJSUzI1NiIsImtpZCI6Ijg4YzE1ZWQzYmM4MTdhZDE3NGVhMzgyYzE0MmY2ZWUyYTk2OWRjMGYiLCJ0eXAiOiJKV1QifQ', b'eyJpYXQiOjE1MjQxOTI1NzQsImV4cCI6MTUyNDE5NjE3NCwic2NvcGUiOiJodHRwczovL3d3dy5nb29nbGVhcGlzLmNvbS9hdXRoL2ZpcmViYXNlLmRhdGFiYXNlIGh0dHBzOi8vd3d3Lmdvb2dsZWFwaXMuY29tL2F1dGgvdXNlcmluZm8uZW1haWwgaHR0cHM6Ly93d3cuZ29vZ2xlYXBpcy5jb20vYXV0aC9jbG91ZC1wbGF0Zm9ybSIsImF1ZCI6Imh0dHBzOi8vYWNjb3VudHMuZ29vZ2xlLmNvbS9vL29hdXRoMi90b2tlbiIsImlzcyI6ImZpcmViYXNlLWFkbWluc2RrLTBsMjBxQGphdmktOWU4NzguaWFtLmdzZXJ2aWNlYWNjb3VudC5jb20ifQ', b'iBJd82qf5w-b-vHX72FrKc8rPUa3e4Dev5jf_RPe3j5JALFiSgN41Vn_Yq0yaUHQOMb_vDI8GMQdbT9WiuSibAh1nXLBLmjZB-yXrt8_uKiSPJV92Cgb_l4t27yPPUFcV2yePrUCaB8TmAUaOa6U1b6a5QqcUbkI1YPAc1nC6rgO1tNulXD5HG0Fe-KHENS8njHXTmTVc-MfKOBwumBXBbVyD8vpKADmsz33ip-X0vkmtmqYW49qscZHEOrXmjLYcoHbQSJt4B3pSCrzrhbN07m4JuRPp4f3uZYcCiESiyGCT36jgXo16orj8QPxWS2_v7cx52w0oEskix0qdwCmtw']
[09:49:34] {/usr/local/lib/python3.5/dist-packages/oauth2client/client.py:795} INFO - Refreshing access_token
[09:49:46] {/usr/local/lib/python3.5/dist-packages/requests/packages/urllib3/connectionpool.py:805} INFO - Starting new HTTPS connection (1): javi-9e878.firebaseio.com
[09:49:58] {/usr/local/lib/python3.5/dist-packages/requests/packages/urllib3/connectionpool.py:401} DEBUG - "GET /leds/0/status.json HTTP/1.1" 200 None
[09:49:58] {/home/pi/Javi/db_local.py:119} DEBUG - LED new value: 0
[09:49:58] {/home/pi/Javi/db_local.py:64} DEBUG - Sending to serial: AL0offB
[09:49:58] {/home/pi/Javi/db_local.py:223} DEBUG - Led output: AL0offB
[09:49:58] {/home/pi/Javi/db_local.py:210} DEBUG - data: L0off
[09:49:58] {/home/pi/Javi/db_local.py:214} DEBUG - Led receiced status
[09:49:58] {/home/pi/Javi/db_local.py:77} DEBUG - received data: L0off
[09:49:58] {/home/pi/Javi/db_local.py:111} DEBUG - done!!!
[09:50:08] {/home/pi/Javi/db_local.py:119} DEBUG - LED new value: 1
[09:50:08] {/home/pi/Javi/db_local.py:64} DEBUG - Sending to serial: AL0onB
[09:50:08] {/home/pi/Javi/db_local.py:223} DEBUG - Led output: AL0onB
[09:50:09] {/home/pi/Javi/db_local.py:210} DEBUG - data: L0on
[09:50:09] {/home/pi/Javi/db_local.py:214} DEBUG - Led receiced status
[09:50:09] {/home/pi/Javi/db_local.py:77} DEBUG - received data: L0on
[09:50:09] {/home/pi/Javi/db_local.py:111} DEBUG - done!!!
[09:50:14] {/home/pi/Javi/db_local.py:119} DEBUG - LED new value: 0
[09:50:14] {/home/pi/Javi/db_local.py:64} DEBUG - Sending to serial: AL0offB
[09:50:15] {/home/pi/Javi/db_local.py:223} DEBUG - Led output: AL0offB
[09:50:15] {/home/pi/Javi/db_local.py:100} DEBUG - switch led again with value: 0off
[09:50:15] {/home/pi/Javi/db_local.py:64} DEBUG - Sending to serial: AL0offB
[09:50:15] {/home/pi/Javi/db_local.py:210} DEBUG - data: L0off
[09:50:15] {/home/pi/Javi/db_local.py:214} DEBUG - Led receiced status
[09:50:15] {/home/pi/Javi/db_local.py:77} DEBUG - received data: L0off
[09:50:15] {/home/pi/Javi/db_local.py:223} DEBUG - Led output: AL0offB
[09:50:15] {/home/pi/Javi/db_local.py:111} DEBUG - done!!!
[09:50:15] {/home/pi/Javi/db_local.py:210} DEBUG - data: L0off
[09:50:15] {/home/pi/Javi/db_local.py:214} DEBUG - Led receiced status
[09:50:29] {/home/pi/Javi/db_local.py:119} DEBUG - LED new value: 1
[09:50:29] {/home/pi/Javi/db_local.py:64} DEBUG - Sending to serial: AL0onB
[09:50:29] {/home/pi/Javi/db_local.py:77} DEBUG - received data: L0off
[09:50:29] {/home/pi/Javi/db_local.py:223} DEBUG - Led output: AL0onB
[09:50:29] {/home/pi/Javi/db_local.py:210} DEBUG - data: L0on
[09:50:29] {/home/pi/Javi/db_local.py:214} DEBUG - Led receiced status
[09:50:29] {/home/pi/Javi/db_local.py:77} DEBUG - received data: L0on
[09:50:29] {/home/pi/Javi/db_local.py:111} DEBUG - done!!!
[09:50:35] {/home/pi/Javi/db_local.py:119} DEBUG - LED new value: 0
[09:50:35] {/home/pi/Javi/db_local.py:64} DEBUG - Sending to serial: AL0offB
[09:50:36] {/home/pi/Javi/db_local.py:223} DEBUG - Led output: AL0offB
[09:50:36] {/home/pi/Javi/db_local.py:210} DEBUG - data: L0off
[09:50:36] {/home/pi/Javi/db_local.py:214} DEBUG - Led receiced status
[09:50:36] {/home/pi/Javi/db_local.py:77} DEBUG - received data: L0off
[09:50:36] {/home/pi/Javi/db_local.py:111} DEBUG - done!!!
[09:50:39] {/home/pi/Javi/db_local.py:119} DEBUG - LED new value: 1
[09:50:39] {/home/pi/Javi/db_local.py:64} DEBUG - Sending to serial: AL0onB
[09:50:39] {/home/pi/Javi/db_local.py:223} DEBUG - Led output: AL0onB
[09:50:39] {/home/pi/Javi/db_local.py:210} DEBUG - data: L0on
[09:50:39] {/home/pi/Javi/db_local.py:214} DEBUG - Led receiced status
[09:50:39] {/home/pi/Javi/db_local.py:77} DEBUG - received data: L0on
[09:50:39] {/home/pi/Javi/db_local.py:111} DEBUG - done!!!
[09:50:41] {/home/pi/Javi/db_local.py:119} DEBUG - LED new value: 0
[09:50:41] {/home/pi/Javi/db_local.py:64} DEBUG - Sending to serial: AL0offB
[09:50:41] {/home/pi/Javi/db_local.py:223} DEBUG - Led output: AL0offB
[09:50:42] {/home/pi/Javi/db_local.py:210} DEBUG - data: L0off
[09:50:42] {/home/pi/Javi/db_local.py:214} DEBUG - Led receiced status
[09:50:42] {/home/pi/Javi/db_local.py:77} DEBUG - received data: L0off
[09:50:42] {/home/pi/Javi/db_local.py:111} DEBUG - done!!!
[09:50:59] {javi_start.py:20} DEBUG - Running thread 0
[09:50:59] {javi_start.py:20} DEBUG - Running thread 1
[09:50:59] {javi_start.py:28} DEBUG - Running: fire_sent.py
[09:51:00] {javi_start.py:24} DEBUG - Running: db_local.py
[09:51:07] {/usr/local/lib/python3.5/dist-packages/requests/packages/urllib3/util/retry.py:170} DEBUG - Converted retries value: 3 -> Retry(total=3, connect=None, read=None, redirect=None)
[09:51:07] {/home/pi/Javi/db_local.py:203} DEBUG - start tracking function; 
[09:51:07] {/home/pi/Javi/db_local.py:58} DEBUG - start LED module control
[09:51:07] {/home/pi/Javi/db_local.py:115} DEBUG - start LED stream
[09:51:07] {/usr/local/lib/python3.5/dist-packages/oauth2client/crypt.py:100} DEBUG - [b'eyJ0eXAiOiJKV1QiLCJhbGciOiJSUzI1NiIsImtpZCI6Ijg4YzE1ZWQzYmM4MTdhZDE3NGVhMzgyYzE0MmY2ZWUyYTk2OWRjMGYifQ', b'eyJpc3MiOiJmaXJlYmFzZS1hZG1pbnNkay0wbDIwcUBqYXZpLTllODc4LmlhbS5nc2VydmljZWFjY291bnQuY29tIiwiZXhwIjoxNTI0MTk2MjY3LCJzY29wZSI6Imh0dHBzOi8vd3d3Lmdvb2dsZWFwaXMuY29tL2F1dGgvZmlyZWJhc2UuZGF0YWJhc2UgaHR0cHM6Ly93d3cuZ29vZ2xlYXBpcy5jb20vYXV0aC91c2VyaW5mby5lbWFpbCBodHRwczovL3d3dy5nb29nbGVhcGlzLmNvbS9hdXRoL2Nsb3VkLXBsYXRmb3JtIiwiYXVkIjoiaHR0cHM6Ly9hY2NvdW50cy5nb29nbGUuY29tL28vb2F1dGgyL3Rva2VuIiwiaWF0IjoxNTI0MTkyNjY3fQ', b'isjdXpjFXknY4FGR96up3FdsPNe1HOUNT9umhiId8Rt-MA481cQoKVR5DBo8CN48TyHrjvcN3uckPBR3C0o3JC6N-Tl_aZRAmrdFbd7Ane7pD8COILiwzUnhqowRzqbw9AMY9HeT2rEc3PdP71auAUjl6dqjeL9CgZ7V5pdvRT5rD9X17RDfLPGTyLT15axlI6RGKby_H0ZZ5BU2ryPXptpPb9ZiL_wJN1n-32Dl5J_LmdsazclBBkSfDORg4Eb_eXKItzuZ-jE6-K9CuUpYdmv6ofvnnLZFASLRliSg_wJlHQhyWczeXj1-2qGaRO6w3b3GVKUnpyhPc8VO8oICzw']
[09:51:07] {/usr/local/lib/python3.5/dist-packages/oauth2client/client.py:795} INFO - Refreshing access_token
[09:51:18] {/usr/local/lib/python3.5/dist-packages/requests/packages/urllib3/connectionpool.py:805} INFO - Starting new HTTPS connection (1): javi-9e878.firebaseio.com
[09:51:25] {/usr/local/lib/python3.5/dist-packages/requests/packages/urllib3/connectionpool.py:401} DEBUG - "GET /leds/0/status.json HTTP/1.1" 200 None
[09:51:25] {/home/pi/Javi/db_local.py:119} DEBUG - LED new value: 0
[09:51:25] {/home/pi/Javi/db_local.py:64} DEBUG - Sending to serial: AL0offB
[09:51:25] {/home/pi/Javi/db_local.py:223} DEBUG - Led output: AL0offB
[09:51:25] {/home/pi/Javi/db_local.py:210} DEBUG - data: L0off
[09:51:25] {/home/pi/Javi/db_local.py:214} DEBUG - Led receiced status
[09:51:25] {/home/pi/Javi/db_local.py:77} DEBUG - received data: L0off
[09:51:25] {/home/pi/Javi/db_local.py:111} DEBUG - done!!!
[09:51:25] {/home/pi/Javi/db_local.py:119} DEBUG - LED new value: 1
[09:51:25] {/home/pi/Javi/db_local.py:64} DEBUG - Sending to serial: AL0onB
[09:51:26] {/home/pi/Javi/db_local.py:223} DEBUG - Led output: AL0onB
[09:51:26] {/home/pi/Javi/db_local.py:100} DEBUG - switch led again with value: 0on
[09:51:26] {/home/pi/Javi/db_local.py:64} DEBUG - Sending to serial: AL0onB
[09:51:26] {/home/pi/Javi/db_local.py:210} DEBUG - data: L0on
[09:51:26] {/home/pi/Javi/db_local.py:214} DEBUG - Led receiced status
[09:51:26] {/home/pi/Javi/db_local.py:77} DEBUG - received data: L0on
[09:51:26] {/home/pi/Javi/db_local.py:223} DEBUG - Led output: AL0onB
[09:51:26] {/home/pi/Javi/db_local.py:111} DEBUG - done!!!
[09:51:26] {/home/pi/Javi/db_local.py:210} DEBUG - data: L0on
[09:51:26] {/home/pi/Javi/db_local.py:214} DEBUG - Led receiced status
[09:51:28] {/home/pi/Javi/db_local.py:119} DEBUG - LED new value: 0
[09:51:28] {/home/pi/Javi/db_local.py:64} DEBUG - Sending to serial: AL0offB
[09:51:28] {/home/pi/Javi/db_local.py:77} DEBUG - received data: L0on
[09:51:28] {/home/pi/Javi/db_local.py:223} DEBUG - Led output: AL0offB
[09:51:28] {/home/pi/Javi/db_local.py:210} DEBUG - data: L0off
[09:51:28] {/home/pi/Javi/db_local.py:214} DEBUG - Led receiced status
[09:51:28] {/home/pi/Javi/db_local.py:77} DEBUG - received data: L0off
[09:51:28] {/home/pi/Javi/db_local.py:111} DEBUG - done!!!
[09:51:30] {/home/pi/Javi/db_local.py:119} DEBUG - LED new value: 1
[09:51:30] {/home/pi/Javi/db_local.py:64} DEBUG - Sending to serial: AL0onB
[09:51:39] {/home/pi/Javi/db_local.py:100} DEBUG - switch led again with value: 0on
[09:51:39] {/home/pi/Javi/db_local.py:64} DEBUG - Sending to serial: AL0onB
[09:51:39] {/home/pi/Javi/db_local.py:223} DEBUG - Led output: AL0onB
[09:51:39] {/home/pi/Javi/db_local.py:210} DEBUG - data: L0on
[09:51:39] {/home/pi/Javi/db_local.py:214} DEBUG - Led receiced status
[09:51:39] {/home/pi/Javi/db_local.py:77} DEBUG - received data: L0on
[09:51:39] {/home/pi/Javi/db_local.py:223} DEBUG - Led output: AL0onB
[09:51:39] {/home/pi/Javi/db_local.py:111} DEBUG - done!!!
[09:51:39] {/home/pi/Javi/db_local.py:210} DEBUG - data: L0on
[09:51:39] {/home/pi/Javi/db_local.py:214} DEBUG - Led receiced status
[09:51:40] {/home/pi/Javi/db_local.py:119} DEBUG - LED new value: 0
[09:51:40] {/home/pi/Javi/db_local.py:64} DEBUG - Sending to serial: AL0offB
[09:51:40] {/home/pi/Javi/db_local.py:77} DEBUG - received data: L0on
[09:51:40] {/home/pi/Javi/db_local.py:223} DEBUG - Led output: AL0offB
[09:51:40] {/home/pi/Javi/db_local.py:210} DEBUG - data: L0off
[09:51:40] {/home/pi/Javi/db_local.py:214} DEBUG - Led receiced status
[09:51:40] {/home/pi/Javi/db_local.py:77} DEBUG - received data: L0off
[09:51:40] {/home/pi/Javi/db_local.py:111} DEBUG - done!!!
[09:52:50] {/home/pi/Javi/db_local.py:119} DEBUG - LED new value: 1
[09:52:50] {/home/pi/Javi/db_local.py:64} DEBUG - Sending to serial: AL0onB
[09:52:51] {/home/pi/Javi/db_local.py:223} DEBUG - Led output: AL0onB
[09:52:51] {/home/pi/Javi/db_local.py:210} DEBUG - data: L0on
[09:52:51] {/home/pi/Javi/db_local.py:214} DEBUG - Led receiced status
[09:52:51] {/home/pi/Javi/db_local.py:77} DEBUG - received data: L0on
[09:52:51] {/home/pi/Javi/db_local.py:111} DEBUG - done!!!
